<?xml version="1.0" encoding="UTF-8"?>
<testsuite xmlns:xsi="http://www.w3.org/2001/XMLSchema-instance" xsi:noNamespaceSchemaLocation="https://maven.apache.org/surefire/maven-surefire-plugin/xsd/surefire-test-report-3.0.xsd" version="3.0" name="TestSuite" time="15.692" tests="1" errors="0" skipped="0" failures="0">
  <properties>
[...]
</properties>
  <testcase name="profile_setting_icon" classname="testCases.TC_003_LogoutTest" time="7.154">
    <system-out><![CDATA[17:28:55.854 [main] DEBUG org.testng.TestNG - suiteXmlPath: "C:\Users\Naidu\eclipse-workspace\HybridFrameWork-MIS\Grouping.xml"
17:28:55.870 [main] WARN  org.testng.xml.TestNGContentHandler - It is strongly recommended to add "<!DOCTYPE suite SYSTEM "https://testng.org/testng-1.1.dtd" >" at the top of the suite file [C:\Users\Naidu\eclipse-workspace\HybridFrameWork-MIS\Grouping.xml] otherwise TestNG may fail or not work as expected.
17:29:02.854 [main] INFO  testCases.TC_003_LogoutTest - **** starting TC_003_UserLogoutTest  *****
17:29:09.985 [main] INFO  testCases.TC_003_LogoutTest - **** finished TC_003_LogoutTest  *****
]]></system-out>
    <system-err><![CDATA[May 06, 2024 5:28:57 PM org.openqa.selenium.devtools.CdpVersionFinder findNearestMatch
WARNING: Unable to find CDP implementation matching 124
May 06, 2024 5:28:57 PM org.openqa.selenium.chromium.ChromiumDriver lambda$new$5
WARNING: Unable to find version of CDP to use for 124.0.6367.119. You may need to include a dependency on a specific version of the CDP using something similar to `org.seleniumhq.selenium:selenium-devtools-v86:4.15.0` where the version ("v86") matches the version of the chromium-based browser you're using and the version number of the artifact is the same as Selenium's.
]]></system-err>
  </testcase>
</testsuite>