<?xml version="1.0" encoding="UTF-8"?>
<testng-results ignored="0" total="1" passed="1" failed="0" skipped="0">
  <reporter-output>
  </reporter-output>
  <suite started-at="2024-05-20T14:09:57 IST" name="Suite" finished-at="2024-05-20T14:10:09 IST" duration-ms="12200">
    <groups>
      <group name="regression">
        <method signature="TC_003_LogoutTest.profile_setting_icon()[pri:0, instance:testCases.TC_003_LogoutTest@4bc28c33]" name="profile_setting_icon" class="testCases.TC_003_LogoutTest"/>
      </group> <!-- regression -->
      <group name="sanity">
        <method signature="TC_003_LogoutTest.profile_setting_icon()[pri:0, instance:testCases.TC_003_LogoutTest@4bc28c33]" name="profile_setting_icon" class="testCases.TC_003_LogoutTest"/>
      </group> <!-- sanity -->
    </groups>
    <test started-at="2024-05-20T14:09:57 IST" name="Test" finished-at="2024-05-20T14:10:09 IST" duration-ms="12200">
      <class name="testCases.TC_003_LogoutTest">
        <test-method is-config="true" signature="setup(java.lang.String,java.lang.String)[pri:0, instance:testCases.TC_003_LogoutTest@4bc28c33]" started-at="2024-05-20T14:09:57 IST" name="setup" finished-at="2024-05-20T14:10:02 IST" duration-ms="4806" status="PASS">
          <params>
            <param index="0">
              <value>
                <![CDATA[Windows]]>
              </value>
            </param>
            <param index="1">
              <value>
                <![CDATA[chrome]]>
              </value>
            </param>
          </params>
          <reporter-output>
          </reporter-output>
        </test-method> <!-- setup -->
        <test-method signature="profile_setting_icon()[pri:0, instance:testCases.TC_003_LogoutTest@4bc28c33]" started-at="2024-05-20T14:10:02 IST" name="profile_setting_icon" finished-at="2024-05-20T14:10:09 IST" duration-ms="6825" status="PASS">
          <reporter-output>
          </reporter-output>
        </test-method> <!-- profile_setting_icon -->
        <test-method is-config="true" signature="tearDown()[pri:0, instance:testCases.TC_003_LogoutTest@4bc28c33]" started-at="2024-05-20T14:10:09 IST" name="tearDown" finished-at="2024-05-20T14:10:09 IST" duration-ms="172" status="PASS">
          <reporter-output>
          </reporter-output>
        </test-method> <!-- tearDown -->
      </class> <!-- testCases.TC_003_LogoutTest -->
    </test> <!-- Test -->
  </suite> <!-- Suite -->
</testng-results>
